<?xml version="1.0" encoding="UTF-8"?>
<!-- Generated by org.testng.reporters.JUnitReportReporter -->
<testsuite hostname="mbk-tech-364-ub" name="crawlers.RandomTest" tests="1" failures="0" timestamp="21 Jul 2018 10:14:08 GMT" time="63.572" errors="0">
  <testcase name="ramdomUITest" time="63.572" classname="crawlers.RandomTest"/>
</testsuite> <!-- crawlers.RandomTest -->
